#! /usr/local/bin/vvp
:ivl_version "12.0 (stable)";
:ivl_delay_selection "TYPICAL";
:vpi_time_precision + 0;
:vpi_module "/usr/local/lib/ivl/system.vpi";
:vpi_module "/usr/local/lib/ivl/vhdl_sys.vpi";
:vpi_module "/usr/local/lib/ivl/vhdl_textio.vpi";
:vpi_module "/usr/local/lib/ivl/v2005_math.vpi";
:vpi_module "/usr/local/lib/ivl/va_math.vpi";
:vpi_module "/usr/local/lib/ivl/v2009.vpi";
S_0x2d4d6490 .scope package, "$unit" "$unit" 2 1;
 .timescale 0 0;
S_0x2d4d6620 .scope module, "tb_priority_arbiter_2bit" "tb_priority_arbiter_2bit" 3 2;
 .timescale 0 0;
v0x2d4e8a40_0 .net "grant", 1 0, v0x2d4d6ec0_0;  1 drivers
v0x2d4e8b30_0 .var "req", 1 0;
S_0x2d4b1580 .scope module, "uut" "priority_arbiter_2bit" 3 7, 4 1 0, S_0x2d4d6620;
 .timescale 0 0;
    .port_info 0 /INPUT 2 "req";
    .port_info 1 /OUTPUT 2 "grant";
v0x2d4d6ec0_0 .var "grant", 1 0;
v0x2d4e8900_0 .net "req", 1 0, v0x2d4e8b30_0;  1 drivers
E_0x2d4b1760 .event anyedge, v0x2d4e8900_0;
    .scope S_0x2d4b1580;
T_0 ;
    %wait E_0x2d4b1760;
    %load/vec4 v0x2d4e8900_0;
    %dup/vec4;
    %pushi/vec4 2, 1, 2;
    %cmp/z;
    %jmp/1 T_0.0, 4;
    %dup/vec4;
    %pushi/vec4 1, 0, 2;
    %cmp/z;
    %jmp/1 T_0.1, 4;
    %pushi/vec4 0, 0, 2;
    %store/vec4 v0x2d4d6ec0_0, 0, 2;
    %jmp T_0.3;
T_0.0 ;
    %pushi/vec4 2, 0, 2;
    %store/vec4 v0x2d4d6ec0_0, 0, 2;
    %jmp T_0.3;
T_0.1 ;
    %pushi/vec4 1, 0, 2;
    %store/vec4 v0x2d4d6ec0_0, 0, 2;
    %jmp T_0.3;
T_0.3 ;
    %pop/vec4 1;
    %jmp T_0;
    .thread T_0, $push;
    .scope S_0x2d4d6620;
T_1 ;
    %vpi_call/w 3 13 "$dumpfile", "priority_arbiiter_2bit.vcd" {0 0 0};
    %vpi_call/w 3 14 "$dumpvars" {0 0 0};
    %vpi_call/w 3 15 "$display", "Time\011req\011grant" {0 0 0};
    %vpi_call/w 3 16 "$monitor", "%0t\011%b\011%b", $time, v0x2d4e8b30_0, v0x2d4e8a40_0 {0 0 0};
    %pushi/vec4 0, 0, 2;
    %store/vec4 v0x2d4e8b30_0, 0, 2;
    %delay 10, 0;
    %pushi/vec4 1, 0, 2;
    %store/vec4 v0x2d4e8b30_0, 0, 2;
    %delay 10, 0;
    %pushi/vec4 2, 0, 2;
    %store/vec4 v0x2d4e8b30_0, 0, 2;
    %delay 10, 0;
    %pushi/vec4 3, 0, 2;
    %store/vec4 v0x2d4e8b30_0, 0, 2;
    %delay 10, 0;
    %vpi_call/w 3 23 "$finish" {0 0 0};
    %end;
    .thread T_1;
# The file index is used to find the file name in the following table.
:file_names 5;
    "N/A";
    "<interactive>";
    "-";
    "testbench.sv";
    "design.sv";
